<?xml version="1.0" encoding="UTF-8"?>
<!-- Generated by org.testng.reporters.JUnitReportReporter -->
<testsuite skipped="0" hostname="PooRav_Laptop" name="getUser" tests="2" failures="0" timestamp="2022-10-16T16:51:27 BST" time="3.980" errors="0">
  <testcase name="getUser" time="3.759" classname="getUser"/>
  <system-out/>
  <testcase name="getuser2" time="0.221" classname="getUser"/>
  <system-out/>
</testsuite> <!-- getUser -->
